============================= test session starts ==============================
platform linux -- Python 3.12.3, pytest-8.3.5, pluggy-1.5.0
rootdir: /home/alexey/PycharmProjects/Module_5
configfile: pyproject.toml
plugins: cov-6.0.0
collected 18 items

tests/test_db_manager.py .....                                           [ 27%]
tests/test_deduplication.py .                                            [ 33%]
tests/test_hh_api.py .....                                               [ 61%]
tests/test_interface.py .......                                          [100%]

---------- coverage: platform linux, python 3.12.3-final-0 -----------
Name                Stmts   Miss  Cover
---------------------------------------
src/__init__.py         0      0   100%
src/config.py           8      0   100%
src/database.py        25      0   100%
src/db_manager.py      28      0   100%
src/hh_api.py          21      2    90%
src/interface.py       85     34    60%
---------------------------------------
TOTAL                 167     36    78%


============================== 18 passed in 1.74s ==============================
