============================= test session starts ==============================
platform linux -- Python 3.12.3, pytest-8.3.5, pluggy-1.5.0
rootdir: /home/alexey/PycharmProjects/Module_5
configfile: pyproject.toml
plugins: cov-6.0.0
collected 18 items

tests/test_db_manager.py .....                                           [ 27%]
tests/test_deduplication.py .                                            [ 33%]
tests/test_hh_api.py .....                                               [ 61%]
tests/test_interface.py .......                                          [100%]

---------- coverage: platform linux, python 3.12.3-final-0 -----------
Name                          Stmts   Miss  Cover
-------------------------------------------------
main.py                           1      1     0%
src/__init__.py                   0      0   100%
src/config.py                     5      0   100%
src/database.py                  19      0   100%
src/db_manager.py                28      0   100%
src/hh_api.py                    39      9    77%
src/interface.py                 85     33    61%
tests/__init__.py                 0      0   100%
tests/test_db_manager.py         37      0   100%
tests/test_deduplication.py      26      0   100%
tests/test_hh_api.py             36      0   100%
tests/test_interface.py          58      4    93%
-------------------------------------------------
TOTAL                           334     47    86%


============================== 18 passed in 0.62s ==============================
